<?xml version="1.0" encoding="UTF-8"?>
<testsuite xmlns:xsi="http://www.w3.org/2001/XMLSchema-instance" xsi:noNamespaceSchemaLocation="https://maven.apache.org/surefire/maven-surefire-plugin/xsd/surefire-test-report.xsd" name="padraoescriacao.prototype.BebidaTest" time="0.068" tests="11" errors="0" skipped="0" failures="0">
  <properties>
[...]
</properties>
  <testcase name="testPrecoIndependente" classname="padraoescriacao.prototype.BebidaTest" time="0.02"/>
  <testcase name="testMultiplosPedidosIndependentes" classname="padraoescriacao.prototype.BebidaTest" time="0"/>
  <testcase name="testPreservacaoAtributosCompleta" classname="padraoescriacao.prototype.BebidaTest" time="0.001"/>
  <testcase name="testNomeComVariacoes" classname="padraoescriacao.prototype.BebidaTest" time="0.001"/>
  <testcase name="testLocalizacaoNaoCompartilhada" classname="padraoescriacao.prototype.BebidaTest" time="0.001"/>
  <testcase name="testGelIndependente" classname="padraoescriacao.prototype.BebidaTest" time="0.002"/>
  <testcase name="testTamanhoIndependente" classname="padraoescriacao.prototype.BebidaTest" time="0"/>
  <testcase name="testQuantidadeIndependente" classname="padraoescriacao.prototype.BebidaTest" time="0.001"/>
  <testcase name="testClonarPedido" classname="padraoescriacao.prototype.BebidaTest" time="0.001"/>
  <testcase name="testDeepCopyLocalizacao" classname="padraoescriacao.prototype.BebidaTest" time="0.001"/>
  <testcase name="testCalculoTotalPreco" classname="padraoescriacao.prototype.BebidaTest" time="0"/>
</testsuite>